The target system is: Windows -  - 
The host system is: Linux - 6.6.87.2-microsoft-standard-WSL2 - x86_64
Compiling the C compiler identification source file "CMakeCCompilerId.c" succeeded.
Compiler: /usr/bin/x86_64-w64-mingw32-gcc-posix 
Build flags: -march=nocona;-mtune=haswell;-ftree-vectorize;-fPIC;-fstack-protector-strong;-fno-plt;-O2;-ffunction-sections;-pipe;-isystem;/opt/miniconda/include;;-I/opt/miniconda/targets/x86_64-linux/include;;-L/opt/miniconda/targets/x86_64-linux/lib;-L/opt/miniconda/targets/x86_64-linux/lib/stubs
Id flags:  

The output was:
0


Compilation of the C compiler identification source "CMakeCCompilerId.c" produced "a.exe"

The C compiler identification is GNU, found in "/mnt/c/Users/jmes1/桌面/play/minidragon/build-win/CMakeFiles/3.22.1/CompilerIdC/a.exe"

Compiling the CXX compiler identification source file "CMakeCXXCompilerId.cpp" succeeded.
Compiler: /usr/bin/x86_64-w64-mingw32-g++-posix 
Build flags: -fvisibility-inlines-hidden;-std=c++17;-fmessage-length=0;-march=nocona;-mtune=haswell;-ftree-vectorize;-fPIC;-fstack-protector-strong;-fno-plt;-O2;-ffunction-sections;-pipe;-isystem;/opt/miniconda/include;;-I/opt/miniconda/targets/x86_64-linux/include;;-L/opt/miniconda/targets/x86_64-linux/lib;-L/opt/miniconda/targets/x86_64-linux/lib/stubs
Id flags:  

The output was:
0


Compilation of the CXX compiler identification source "CMakeCXXCompilerId.cpp" produced "a.exe"

The CXX compiler identification is GNU, found in "/mnt/c/Users/jmes1/桌面/play/minidragon/build-win/CMakeFiles/3.22.1/CompilerIdCXX/a.exe"

Compiling the C compiler identification source file "CMakeCCompilerId.c" succeeded.
Compiler: /usr/bin/x86_64-w64-mingw32-gcc-posix 
Build flags: -march=nocona;-mtune=haswell;-ftree-vectorize;-fPIC;-fstack-protector-strong;-fno-plt;-O2;-ffunction-sections;-pipe;-isystem;/opt/miniconda/include;;-I/opt/miniconda/targets/x86_64-linux/include;;-L/opt/miniconda/targets/x86_64-linux/lib;-L/opt/miniconda/targets/x86_64-linux/lib/stubs
Id flags:  

The output was:
0


Compilation of the C compiler identification source "CMakeCCompilerId.c" produced "a.exe"

The C compiler identification is GNU, found in "/mnt/c/Users/jmes1/桌面/play/minidragon/build-win/CMakeFiles/3.22.1/CompilerIdC/a.exe"

Compiling the CXX compiler identification source file "CMakeCXXCompilerId.cpp" succeeded.
Compiler: /usr/bin/x86_64-w64-mingw32-g++-posix 
Build flags: 
Id flags:  

The output was:
0


Compilation of the CXX compiler identification source "CMakeCXXCompilerId.cpp" produced "a.exe"

The CXX compiler identification is GNU, found in "/mnt/c/Users/jmes1/桌面/play/minidragon/build-win/CMakeFiles/3.22.1/CompilerIdCXX/a.exe"

